2022-10-31 12:11:54 - [32minfo[39m: [32mServer rodando na porta: 3000[39m
2022-10-31 12:13:52 - [32minfo[39m: [32mServer rodando na porta: 3000[39m
2022-10-31 12:14:38 - [32minfo[39m: [32mConectado ao banco de dados[39m
2022-10-31 12:14:38 - [32minfo[39m: [32mServer rodando na porta: 3000[39m
2022-10-31 12:14:46 - [32minfo[39m: [32mConectado ao banco de dados[39m
2022-10-31 12:14:46 - [32minfo[39m: [32mServer rodando na porta: 3000[39m
2022-10-31 12:14:52 - [32minfo[39m: [32mConectado ao banco de dados[39m
2022-10-31 12:14:52 - [32minfo[39m: [32mServer rodando na porta: 3000[39m
2022-10-31 12:15:02 - [32minfo[39m: [32mConectado ao banco de dados[39m
2022-10-31 12:15:02 - [32minfo[39m: [32mServer rodando na porta: 3000[39m
2022-10-31 12:15:27 - [31merror[39m: [31mNão foi possível conectar ao bando de dados[39m
2022-10-31 12:15:27 - [31merror[39m: [31mErro: bad auth : Authentication failed.[39m
2022-10-31 12:15:27 - [32minfo[39m: [32mServer rodando na porta: 3000[39m
2022-10-31 12:17:00 - [31merror[39m: [31mNão foi possível conectar ao bando de dados[39m
2022-10-31 12:17:01 - [31merror[39m: [31mNão foi possível conectar ao bando de dados[39m
2022-10-31 12:17:22 - [32minfo[39m: [32mConectado ao banco de dados[39m
2022-10-31 12:17:22 - [32minfo[39m: [32mServer rodando na porta: 3000[39m
2022-10-31 12:17:36 - [32minfo[39m: [32mConectado ao banco de dados[39m
2022-10-31 12:17:36 - [32minfo[39m: [32mServer rodando na porta: 3000[39m
2022-10-31 12:17:40 - [32minfo[39m: [32mConectado ao banco de dados[39m
2022-10-31 12:17:40 - [32minfo[39m: [32mServer rodando na porta: 3000[39m
2022-10-31 12:17:45 - [32minfo[39m: [32mConectado ao banco de dados[39m
2022-10-31 12:17:45 - [32minfo[39m: [32mServer rodando na porta: 3000[39m
2022-10-31 12:17:50 - [32minfo[39m: [32mConectado ao banco de dados[39m
2022-10-31 12:17:50 - [32minfo[39m: [32mServer rodando na porta: 3000[39m
2022-10-31 12:18:01 - [32minfo[39m: [32mConectado ao banco de dados[39m
2022-10-31 12:18:01 - [32minfo[39m: [32mServer rodando na porta: 3000[39m
2022-10-31 12:36:36 - [32minfo[39m: [32mConectado ao banco de dados[39m
2022-10-31 12:36:36 - [32minfo[39m: [32mServer rodando na porta: 3000[39m
2022-10-31 12:37:32 - [32minfo[39m: [32mConectado ao banco de dados[39m
2022-10-31 12:37:32 - [32minfo[39m: [32mServer rodando na porta: 3000[39m
2022-10-31 12:37:34 - [32minfo[39m: [32mConectado ao banco de dados[39m
2022-10-31 12:37:34 - [32minfo[39m: [32mServer rodando na porta: 3000[39m
2022-10-31 12:37:38 - [32minfo[39m: [32mConectado ao banco de dados[39m
2022-10-31 12:37:38 - [32minfo[39m: [32mServer rodando na porta: 3000[39m
2022-10-31 12:37:40 - [32minfo[39m: [32mConectado ao banco de dados[39m
2022-10-31 12:37:40 - [32minfo[39m: [32mServer rodando na porta: 3000[39m
2022-10-31 12:37:42 - [32minfo[39m: [32mConectado ao banco de dados[39m
2022-10-31 12:37:42 - [32minfo[39m: [32mServer rodando na porta: 3000[39m
2022-10-31 12:37:44 - [32minfo[39m: [32mConectado ao banco de dados[39m
2022-10-31 12:37:44 - [32minfo[39m: [32mServer rodando na porta: 3000[39m
2022-10-31 12:37:47 - [35mhttp[39m: [35mGET /api/test 24 - : response-time ms[39m
[35m[39m
2022-10-31 12:38:04 - [32minfo[39m: [32mConectado ao banco de dados[39m
2022-10-31 12:38:04 - [32minfo[39m: [32mServer rodando na porta: 3000[39m
2022-10-31 12:38:08 - [35mhttp[39m: [35mGET /api/test 24 - 1.929 ms[39m
[35m[39m
2022-10-31 12:38:31 - [32minfo[39m: [32mConectado ao banco de dados[39m
2022-10-31 12:38:31 - [32minfo[39m: [32mServer rodando na porta: 3000[39m
